#
# There is insufficient memory for the Java Runtime Environment to continue.
# Native memory allocation (malloc) failed to allocate 1341376 bytes for Chunk::new
# Possible reasons:
#   The system is out of physical RAM or swap space
#   In 32 bit mode, the process size limit was hit
# Possible solutions:
#   Reduce memory load on the system
#   Increase physical memory or swap space
#   Check if swap backing store is full
#   Use 64 bit Java on a 64 bit OS
#   Decrease Java heap size (-Xmx/-Xms)
#   Decrease number of Java threads
#   Decrease Java thread stack sizes (-Xss)
#   Set larger code cache with -XX:ReservedCodeCacheSize=
# This output file may be truncated or incomplete.
#
#  Out of Memory Error (allocation.cpp:390), pid=46024, tid=0x0000000000011b14
#
# JRE version: OpenJDK Runtime Environment (8.0_152-b01) (build 1.8.0_152-release-1248-b01)
# Java VM: OpenJDK 64-Bit Server VM (25.152-b01 mixed mode windows-amd64 compressed oops)
# Failed to write core dump. Minidumps are not enabled by default on client versions of Windows
#

---------------  T H R E A D  ---------------

Current thread (0x0000000016e4d000):  JavaThread "C2 CompilerThread2" daemon [_thread_in_native, id=72468, stack(0x0000000019720000,0x0000000019820000)]

Stack: [0x0000000019720000,0x0000000019820000]
[error occurred during error reporting (printing stack bounds), id 0xc0000005]

Native frames: (J=compiled Java code, j=interpreted, Vv=VM code, C=native code)


Current CompileTask:
C2:4111522 20228       4       com.android.utils.PositionXmlParser::getPositionHelper (757 bytes)


---------------  P R O C E S S  ---------------

Java Threads: ( => current thread )
  0x000000001f451800 JavaThread "stdout" [_thread_in_native, id=74824, stack(0x00000000281c0000,0x00000000282c0000)]
  0x000000001f453800 JavaThread "stderr" [_thread_in_native, id=78628, stack(0x00000000280c0000,0x00000000281c0000)]
  0x000000001f456000 JavaThread "pool-14-thread-1" [_thread_blocked, id=13164, stack(0x0000000027dc0000,0x0000000027ec0000)]
  0x000000001f455000 JavaThread "Cache worker for Build Output Cleanup Cache (C:\Users\vviib\AndroidStudioProjects\TheResuseR\.gradle\buildOutputCleanup)" [_thread_blocked, id=79140, stack(0x0000000027a80000,0x0000000027b80000)]
  0x000000001f456800 JavaThread "Cache worker for task history cache (C:\Users\vviib\AndroidStudioProjects\TheResuseR\.gradle\4.10.1\taskHistory)" [_thread_blocked, id=43308, stack(0x0000000027980000,0x0000000027a80000)]
  0x000000001f44a000 JavaThread "Task worker for ':' Thread 7" [_thread_blocked, id=13880, stack(0x0000000027780000,0x0000000027880000)]
  0x000000001f44b800 JavaThread "Task worker for ':' Thread 6" [_thread_blocked, id=74896, stack(0x0000000027680000,0x0000000027780000)]
  0x000000001f450000 JavaThread "Task worker for ':' Thread 5" [_thread_blocked, id=31780, stack(0x00000000262a0000,0x00000000263a0000)]
  0x000000001f44e800 JavaThread "Task worker for ':' Thread 4" [_thread_blocked, id=78380, stack(0x00000000261a0000,0x00000000262a0000)]
  0x0000000020cf0800 JavaThread "Task worker for ':' Thread 3" [_thread_blocked, id=13912, stack(0x00000000260a0000,0x00000000261a0000)]
  0x0000000020cef800 JavaThread "Task worker for ':' Thread 2" [_thread_blocked, id=77584, stack(0x0000000025fa0000,0x00000000260a0000)]
  0x0000000020cef000 JavaThread "Task worker for ':'" [_thread_blocked, id=78332, stack(0x0000000025ea0000,0x0000000025fa0000)]
  0x0000000020cee000 JavaThread "Cache worker for file content cache (C:\Users\vviib\AndroidStudioProjects\TheResuseR\.gradle\4.10.1\fileContent)" [_thread_blocked, id=70688, stack(0x00000000258a0000,0x00000000259a0000)]
  0x0000000020cec000 JavaThread "Build operations Thread 8" [_thread_blocked, id=45656, stack(0x00000000252a0000,0x00000000253a0000)]
  0x0000000020ceb000 JavaThread "Build operations Thread 7" [_thread_blocked, id=40020, stack(0x0000000024a10000,0x0000000024b10000)]
  0x0000000020ce3800 JavaThread "Build operations Thread 6" [_thread_blocked, id=50100, stack(0x00000000233e0000,0x00000000234e0000)]
  0x0000000020cea800 JavaThread "Build operations Thread 5" [_thread_blocked, id=80556, stack(0x00000000232e0000,0x00000000233e0000)]
  0x0000000020ce6800 JavaThread "Build operations Thread 4" [_thread_blocked, id=17580, stack(0x00000000231e0000,0x00000000232e0000)]
  0x0000000020ce9800 JavaThread "Build operations Thread 3" [_thread_blocked, id=80400, stack(0x00000000230e0000,0x00000000231e0000)]
  0x0000000020ce6000 JavaThread "Build operations Thread 2" [_thread_blocked, id=22040, stack(0x0000000022fe0000,0x00000000230e0000)]
  0x0000000020ce3000 JavaThread "Build operations" [_thread_blocked, id=74352, stack(0x0000000022200000,0x0000000022300000)]
  0x0000000020ce9000 JavaThread "Cache worker for cache directory md-rule (C:\Users\vviib\.gradle\caches\4.10.1\md-rule)" [_thread_blocked, id=75548, stack(0x000000001fe90000,0x000000001ff90000)]
  0x0000000020ce5000 JavaThread "Cache worker for cache directory md-supplier (C:\Users\vviib\.gradle\caches\4.10.1\md-supplier)" [_thread_blocked, id=35828, stack(0x000000001fae0000,0x000000001fbe0000)]
  0x0000000020ce4800 JavaThread "Cache worker for file hash cache (C:\Users\vviib\AndroidStudioProjects\TheResuseR\.gradle\4.10.1\fileHashes)" [_thread_blocked, id=78900, stack(0x000000001e710000,0x000000001e810000)]
  0x0000000020ce8000 JavaThread "Stdin handler" [_thread_blocked, id=10976, stack(0x000000001d040000,0x000000001d140000)]
  0x0000000020ce1800 JavaThread "Asynchronous log dispatcher for DefaultDaemonConnection: socket connection from /127.0.0.1:35494 to /127.0.0.1:39166" [_thread_blocked, id=76184, stack(0x000000001cf40000,0x000000001d040000)]
  0x0000000019fdf800 JavaThread "Daemon worker Thread 4" [_thread_blocked, id=80276, stack(0x000000001cc40000,0x000000001cd40000)]
  0x0000000019fe5800 JavaThread "Cancel handler" [_thread_blocked, id=10648, stack(0x000000001cb40000,0x000000001cc40000)]
  0x0000000019fe5000 JavaThread "Handler for socket connection from /127.0.0.1:35494 to /127.0.0.1:39166" [_thread_in_native, id=79188, stack(0x0000000001280000,0x0000000001380000)]
  0x0000000019fe3800 JavaThread "Daemon Thread 4" [_thread_blocked, id=40352, stack(0x0000000001180000,0x0000000001280000)]
  0x0000000020cf1000 JavaThread "Cache worker for Java compile cache (C:\Users\vviib\.gradle\caches\4.10.1\javaCompile)" [_thread_blocked, id=40588, stack(0x0000000027880000,0x0000000027980000)]
  0x0000000020ced800 JavaThread "Cache worker for file content cache (C:\Users\vviib\.gradle\caches\4.10.1\fileContent)" [_thread_blocked, id=19740, stack(0x00000000255a0000,0x00000000256a0000)]
  0x0000000019f05000 JavaThread "Memory manager" [_thread_blocked, id=34180, stack(0x0000000024ba0000,0x0000000024ca0000)]
  0x000000001b64a800 JavaThread "Cache worker for Artifact transforms cache (C:\Users\vviib\.gradle\caches\transforms-1)" [_thread_blocked, id=50996, stack(0x0000000022880000,0x0000000022980000)]
  0x000000001b64c000 JavaThread "Cache worker for journal cache (C:\Users\vviib\.gradle\caches\journal-1)" [_thread_blocked, id=34892, stack(0x000000001e810000,0x000000001e910000)]
  0x000000001b554000 JavaThread "File lock request listener" [_thread_in_native, id=67812, stack(0x000000001d640000,0x000000001d740000)]
  0x000000001b4d6800 JavaThread "Cache worker for file hash cache (C:\Users\vviib\.gradle\caches\4.10.1\fileHashes)" [_thread_blocked, id=46476, stack(0x000000001d540000,0x000000001d640000)]
  0x000000001b08f000 JavaThread "Daemon periodic checks" [_thread_blocked, id=64084, stack(0x000000001ca40000,0x000000001cb40000)]
  0x000000001b08e000 JavaThread "Incoming local TCP Connector on port 35494" [_thread_in_native, id=70928, stack(0x000000001c800000,0x000000001c900000)]
  0x0000000018de0000 JavaThread "Service Thread" daemon [_thread_blocked, id=77672, stack(0x0000000019920000,0x0000000019a20000)]
  0x0000000018d5a800 JavaThread "C1 CompilerThread3" daemon [_thread_blocked, id=72268, stack(0x0000000019820000,0x0000000019920000)]
=>0x0000000016e4d000 JavaThread "C2 CompilerThread2" daemon [_thread_in_native, id=72468, stack(0x0000000019720000,0x0000000019820000)]
  0x0000000018d50800 JavaThread "C2 CompilerThread1" daemon [_thread_blocked, id=77120, stack(0x0000000019620000,0x0000000019720000)]
  0x0000000018d4b000 JavaThread "C2 CompilerThread0" daemon [_thread_blocked, id=1044, stack(0x0000000019520000,0x0000000019620000)]
  0x0000000018d4a000 JavaThread "Attach Listener" daemon [_thread_blocked, id=37376, stack(0x0000000019420000,0x0000000019520000)]
  0x0000000018d55800 JavaThread "Signal Dispatcher" daemon [_thread_blocked, id=76004, stack(0x0000000019320000,0x0000000019420000)]
  0x000000000307e000 JavaThread "Finalizer" daemon [_thread_blocked, id=62460, stack(0x0000000019120000,0x0000000019220000)]
  0x0000000003075000 JavaThread "Reference Handler" daemon [_thread_blocked, id=73608, stack(0x0000000018c20000,0x0000000018d20000)]
  0x0000000002dce000 JavaThread "main" [_thread_blocked, id=76744, stack(0x0000000002e80000,0x0000000002f80000)]

Other Threads:
  0x0000000016e36000 VMThread [stack: 0x0000000018b20000,0x0000000018c20000] [id=77260]
  0x0000000018de0800 WatcherThread [stack: 0x0000000019a20000,0x0000000019b20000] [id=74848]

VM state:not at safepoint (normal execution)

VM Mutex/Monitor currently owned by a thread: None

Heap:
 PSYoungGen      total 418816K, used 100205K [0x00000000e0000000, 0x00000000fe300000, 0x0000000100000000)
  eden space 355328K, 19% used [0x00000000e0000000,0x00000000e435f2f0,0x00000000f5b00000)
  from space 63488K, 49% used [0x00000000fa500000,0x00000000fc37c450,0x00000000fe300000)
  to   space 69632K, 0% used [0x00000000f5b00000,0x00000000f5b00000,0x00000000f9f00000)
 ParOldGen       total 260608K, used 131310K [0x00000000a0000000, 0x00000000afe80000, 0x00000000e0000000)
  object space 260608K, 50% used [0x00000000a0000000,0x00000000a803b828,0x00000000afe80000)
 Metaspace       used 92806K, capacity 96976K, committed 97024K, reserved 1134592K
  class space    used 11885K, capacity 12752K, committed 12800K, reserved 1048576K

Card table byte_map: [0x0000000012440000,0x0000000012750000] byte_map_base: 0x0000000011f40000

Marking Bits: (ParMarkBitMap*) 0x00000000762c5aa0
 Begin Bits: [0x0000000013150000, 0x0000000014950000)
 End Bits:   [0x0000000014950000, 0x0000000016150000)

Polling page: 0x0000000000f90000

CodeCache: size=245760Kb used=53176Kb max_used=53203Kb free=192583Kb
 bounds [0x0000000003080000, 0x00000000064d0000, 0x0000000012080000]
 total_blobs=17006 nmethods=16110 adapters=807
 compilation: enabled

Compilation events (10 events):
Event: 4110.409 Thread 0x0000000018d5a800 20361       1       org.gradle.api.internal.artifacts.ivyservice.ResolvedFilesCollectingVisitor::getFailures (5 bytes)
Event: 4110.409 Thread 0x0000000018d5a800 nmethod 20361 0x000000000458b850 code [0x000000000458b9a0, 0x000000000458bab0]
Event: 4110.409 Thread 0x0000000018d5a800 20362       1       org.gradle.api.internal.artifacts.ivyservice.ResolvedFilesCollectingVisitor::getFiles (5 bytes)
Event: 4110.410 Thread 0x0000000018d5a800 nmethod 20362 0x0000000005c30a10 code [0x0000000005c30b60, 0x0000000005c30c70]
Event: 4110.413 Thread 0x0000000018d4b000 nmethod 20337 0x00000000064b4850 code [0x00000000064b5300, 0x00000000064b88b0]
Event: 4110.414 Thread 0x0000000018d4b000 20359   !   4       java.io.File::toPath (54 bytes)
Event: 4110.419 Thread 0x0000000018d50800 nmethod 20349 0x00000000064bcc10 code [0x00000000064bd080, 0x00000000064c05b0]
Event: 4110.420 Thread 0x0000000018d4b000 nmethod 20359 0x000000000586c690 code [0x000000000586c7e0, 0x000000000586cbc8]
Event: 4110.589 Thread 0x0000000018d5a800 20363       3       java.security.AccessControlContext::calculateFields (89 bytes)
Event: 4110.590 Thread 0x0000000018d5a800 nmethod 20363 0x00000000034ba010 code [0x00000000034ba1a0, 0x00000000034ba558]

GC Heap History (10 events):
Event: 3862.973 GC heap before
{Heap before GC invocations=25 (full 3):
 PSYoungGen      total 267264K, used 254089K [0x00000000e0000000, 0x00000000f5200000, 0x0000000100000000)
  eden space 226304K, 97% used [0x00000000e0000000,0x00000000ed7db6d0,0x00000000edd00000)
  from space 40960K, 80% used [0x00000000edd00000,0x00000000efd46e90,0x00000000f0500000)
  to   space 43520K, 0% used [0x00000000f2780000,0x00000000f2780000,0x00000000f5200000)
 ParOldGen       total 260608K, used 75242K [0x00000000a0000000, 0x00000000afe80000, 0x00000000e0000000)
  object space 260608K, 28% used [0x00000000a0000000,0x00000000a497a828,0x00000000afe80000)
 Metaspace       used 92223K, capacity 96362K, committed 96512K, reserved 1132544K
  class space    used 11873K, capacity 12731K, committed 12800K, reserved 1048576K
Event: 3863.090 GC heap after
Heap after GC invocations=25 (full 3):
 PSYoungGen      total 280576K, used 43502K [0x00000000e0000000, 0x00000000f8300000, 0x0000000100000000)
  eden space 237056K, 0% used [0x00000000e0000000,0x00000000e0000000,0x00000000ee780000)
  from space 43520K, 99% used [0x00000000f2780000,0x00000000f51fb878,0x00000000f5200000)
  to   space 65536K, 0% used [0x00000000ee780000,0x00000000ee780000,0x00000000f2780000)
 ParOldGen       total 260608K, used 119297K [0x00000000a0000000, 0x00000000afe80000, 0x00000000e0000000)
  object space 260608K, 45% used [0x00000000a0000000,0x00000000a74807f8,0x00000000afe80000)
 Metaspace       used 92223K, capacity 96362K, committed 96512K, reserved 1132544K
  class space    used 11873K, capacity 12731K, committed 12800K, reserved 1048576K
}
Event: 3864.798 GC heap before
{Heap before GC invocations=26 (full 3):
 PSYoungGen      total 280576K, used 279580K [0x00000000e0000000, 0x00000000f8300000, 0x0000000100000000)
  eden space 237056K, 99% used [0x00000000e0000000,0x00000000ee68b8b8,0x00000000ee780000)
  from space 43520K, 99% used [0x00000000f2780000,0x00000000f51fb878,0x00000000f5200000)
  to   space 65536K, 0% used [0x00000000ee780000,0x00000000ee780000,0x00000000f2780000)
 ParOldGen       total 260608K, used 119297K [0x00000000a0000000, 0x00000000afe80000, 0x00000000e0000000)
  object space 260608K, 45% used [0x00000000a0000000,0x00000000a74807f8,0x00000000afe80000)
 Metaspace       used 92478K, capacity 96666K, committed 96768K, reserved 1132544K
  class space    used 11876K, capacity 12735K, committed 12800K, reserved 1048576K
Event: 3864.875 GC heap after
Heap after GC invocations=26 (full 3):
 PSYoungGen      total 302592K, used 57106K [0x00000000e0000000, 0x00000000fa280000, 0x0000000100000000)
  eden space 237056K, 0% used [0x00000000e0000000,0x00000000e0000000,0x00000000ee780000)
  from space 65536K, 87% used [0x00000000ee780000,0x00000000f1f44a90,0x00000000f2780000)
  to   space 72704K, 0% used [0x00000000f5b80000,0x00000000f5b80000,0x00000000fa280000)
 ParOldGen       total 260608K, used 119818K [0x00000000a0000000, 0x00000000afe80000, 0x00000000e0000000)
  object space 260608K, 45% used [0x00000000a0000000,0x00000000a7502868,0x00000000afe80000)
 Metaspace       used 92478K, capacity 96666K, committed 96768K, reserved 1132544K
  class space    used 11876K, capacity 12735K, committed 12800K, reserved 1048576K
}
Event: 3864.923 GC heap before
{Heap before GC invocations=27 (full 3):
 PSYoungGen      total 302592K, used 293239K [0x00000000e0000000, 0x00000000fa280000, 0x0000000100000000)
  eden space 237056K, 99% used [0x00000000e0000000,0x00000000ee699280,0x00000000ee780000)
  from space 65536K, 87% used [0x00000000ee780000,0x00000000f1f44a90,0x00000000f2780000)
  to   space 72704K, 0% used [0x00000000f5b80000,0x00000000f5b80000,0x00000000fa280000)
 ParOldGen       total 260608K, used 119818K [0x00000000a0000000, 0x00000000afe80000, 0x00000000e0000000)
  object space 260608K, 45% used [0x00000000a0000000,0x00000000a7502868,0x00000000afe80000)
 Metaspace       used 92490K, capacity 96666K, committed 96768K, reserved 1132544K
  class space    used 11876K, capacity 12735K, committed 12800K, reserved 1048576K
Event: 3865.004 GC heap after
Heap after GC invocations=27 (full 3):
 PSYoungGen      total 354304K, used 46508K [0x00000000e0000000, 0x00000000fc880000, 0x0000000100000000)
  eden space 281600K, 0% used [0x00000000e0000000,0x00000000e0000000,0x00000000f1300000)
  from space 72704K, 63% used [0x00000000f5b80000,0x00000000f88eb3b0,0x00000000fa280000)
  to   space 74240K, 0% used [0x00000000f1300000,0x00000000f1300000,0x00000000f5b80000)
 ParOldGen       total 260608K, used 123604K [0x00000000a0000000, 0x00000000afe80000, 0x00000000e0000000)
  object space 260608K, 47% used [0x00000000a0000000,0x00000000a78b5328,0x00000000afe80000)
 Metaspace       used 92490K, capacity 96666K, committed 96768K, reserved 1132544K
  class space    used 11876K, capacity 12735K, committed 12800K, reserved 1048576K
}
Event: 3865.059 GC heap before
{Heap before GC invocations=28 (full 3):
 PSYoungGen      total 354304K, used 327992K [0x00000000e0000000, 0x00000000fc880000, 0x0000000100000000)
  eden space 281600K, 99% used [0x00000000e0000000,0x00000000f12e2f18,0x00000000f1300000)
  from space 72704K, 63% used [0x00000000f5b80000,0x00000000f88eb3b0,0x00000000fa280000)
  to   space 74240K, 0% used [0x00000000f1300000,0x00000000f1300000,0x00000000f5b80000)
 ParOldGen       total 260608K, used 123604K [0x00000000a0000000, 0x00000000afe80000, 0x00000000e0000000)
  object space 260608K, 47% used [0x00000000a0000000,0x00000000a78b5328,0x00000000afe80000)
 Metaspace       used 92490K, capacity 96666K, committed 96768K, reserved 1132544K
  class space    used 11876K, capacity 12735K, committed 12800K, reserved 1048576K
Event: 3865.110 GC heap after
Heap after GC invocations=28 (full 3):
 PSYoungGen      total 355840K, used 40358K [0x00000000e0000000, 0x00000000fec80000, 0x0000000100000000)
  eden space 281600K, 0% used [0x00000000e0000000,0x00000000e0000000,0x00000000f1300000)
  from space 74240K, 54% used [0x00000000f1300000,0x00000000f3a69a50,0x00000000f5b80000)
  to   space 73216K, 0% used [0x00000000fa500000,0x00000000fa500000,0x00000000fec80000)
 ParOldGen       total 260608K, used 127072K [0x00000000a0000000, 0x00000000afe80000, 0x00000000e0000000)
  object space 260608K, 48% used [0x00000000a0000000,0x00000000a7c18358,0x00000000afe80000)
 Metaspace       used 92490K, capacity 96666K, committed 96768K, reserved 1132544K
  class space    used 11876K, capacity 12735K, committed 12800K, reserved 1048576K
}
Event: 4104.158 GC heap before
{Heap before GC invocations=29 (full 3):
 PSYoungGen      total 355840K, used 321958K [0x00000000e0000000, 0x00000000fec80000, 0x0000000100000000)
  eden space 281600K, 100% used [0x00000000e0000000,0x00000000f1300000,0x00000000f1300000)
  from space 74240K, 54% used [0x00000000f1300000,0x00000000f3a69a50,0x00000000f5b80000)
  to   space 73216K, 0% used [0x00000000fa500000,0x00000000fa500000,0x00000000fec80000)
 ParOldGen       total 260608K, used 127072K [0x00000000a0000000, 0x00000000afe80000, 0x00000000e0000000)
  object space 260608K, 48% used [0x00000000a0000000,0x00000000a7c18358,0x00000000afe80000)
 Metaspace       used 92632K, capacity 96780K, committed 97024K, reserved 1134592K
  class space    used 11885K, capacity 12752K, committed 12800K, reserved 1048576K
Event: 4104.252 GC heap after
Heap after GC invocations=29 (full 3):
 PSYoungGen      total 418816K, used 31217K [0x00000000e0000000, 0x00000000fe300000, 0x0000000100000000)
  eden space 355328K, 0% used [0x00000000e0000000,0x00000000e0000000,0x00000000f5b00000)
  from space 63488K, 49% used [0x00000000fa500000,0x00000000fc37c450,0x00000000fe300000)
  to   space 69632K, 0% used [0x00000000f5b00000,0x00000000f5b00000,0x00000000f9f00000)
 ParOldGen       total 260608K, used 131310K [0x00000000a0000000, 0x00000000afe80000, 0x00000000e0000000)
  object space 260608K, 50% used [0x00000000a0000000,0x00000000a803b828,0x00000000afe80000)
 Metaspace       used 92632K, capacity 96780K, committed 97024K, reserved 1134592K
  class space    used 11885K, capacity 12752K, committed 12800K, reserved 1048576K
}

Deoptimization events (10 events):
Event: 3863.870 Thread 0x0000000020ce9000 Uncommon trap: reason=predicate action=maybe_recompile pc=0x0000000005dbe93c method=com.google.common.collect.RegularImmutableMap.fromEntryArray(I[Ljava/util/Map$Entry;)Lcom/google/common/collect/ImmutableMap; @ 62
Event: 3863.873 Thread 0x0000000020ce9000 Uncommon trap: reason=bimorphic action=maybe_recompile pc=0x0000000004fb4c50 method=com.google.common.collect.Sets.hashCodeImpl(Ljava/util/Set;)I @ 3
Event: 3863.976 Thread 0x0000000020ce9000 Uncommon trap: reason=array_check action=maybe_recompile pc=0x0000000006385888 method=com.google.common.collect.RegularImmutableMap.fromEntryArray(I[Ljava/util/Map$Entry;)Lcom/google/common/collect/ImmutableMap; @ 157
Event: 3863.977 Thread 0x0000000020ce9000 Uncommon trap: reason=bimorphic action=maybe_recompile pc=0x0000000004fb4c50 method=com.google.common.collect.Sets.hashCodeImpl(Ljava/util/Set;)I @ 3
Event: 3864.039 Thread 0x0000000020ce9000 Uncommon trap: reason=array_check action=maybe_recompile pc=0x0000000006385888 method=com.google.common.collect.RegularImmutableMap.fromEntryArray(I[Ljava/util/Map$Entry;)Lcom/google/common/collect/ImmutableMap; @ 157
Event: 3865.320 Thread 0x0000000020ce9000 Uncommon trap: reason=bimorphic action=maybe_recompile pc=0x000000000531e864 method=java.util.stream.StreamOpFlag.fromCharacteristics(Ljava/util/Spliterator;)I @ 14
Event: 4108.573 Thread 0x0000000020cef000 Uncommon trap: reason=class_check action=maybe_recompile pc=0x0000000003a72bf0 method=org.gradle.cache.internal.LockOnDemandCrossProcessCacheAccess.incrementLockCount()V @ 97
Event: 4108.578 Thread 0x0000000020cef000 Uncommon trap: reason=unstable_if action=reinterpret pc=0x0000000004f5c518 method=java.lang.Long.parseLong(Ljava/lang/String;I)J @ 124
Event: 4108.631 Thread 0x0000000020cf0800 Uncommon trap: reason=class_check action=maybe_recompile pc=0x0000000004cc50b8 method=com.google.common.cache.LocalCache$Segment.storeLoadedValue(Ljava/lang/Object;ILcom/google/common/cache/LocalCache$LoadingValueReference;Ljava/lang/Object;)Z @ 286
Event: 4108.843 Thread 0x0000000019fdf800 Uncommon trap: reason=class_check action=maybe_recompile pc=0x0000000004cc50b8 method=com.google.common.cache.LocalCache$Segment.storeLoadedValue(Ljava/lang/Object;ILcom/google/common/cache/LocalCache$LoadingValueReference;Ljava/lang/Object;)Z @ 286

Classes redefined (0 events):
No events

Internal exceptions (10 events):
Event: 3859.950 Thread 0x0000000020ce1800 Exception <a 'sun/nio/fs/WindowsException'> (0x00000000e00b2570) thrown at [D:\src\AOSP-openjdk-cygwin\jdk8u\hotspot\src\share\vm\prims\jni.cpp, line 709]
Event: 3859.952 Thread 0x0000000019efa800 Exception <a 'sun/nio/fs/WindowsException'> (0x00000000e0513b80) thrown at [D:\src\AOSP-openjdk-cygwin\jdk8u\hotspot\src\share\vm\prims\jni.cpp, line 709]
Event: 3859.952 Thread 0x0000000020ce1800 Exception <a 'sun/nio/fs/WindowsException'> (0x00000000e00b87c0) thrown at [D:\src\AOSP-openjdk-cygwin\jdk8u\hotspot\src\share\vm\prims\jni.cpp, line 709]
Event: 3859.955 Thread 0x0000000020ce1800 Exception <a 'sun/nio/fs/WindowsException'> (0x00000000e00bd740) thrown at [D:\src\AOSP-openjdk-cygwin\jdk8u\hotspot\src\share\vm\prims\jni.cpp, line 709]
Event: 3859.958 Thread 0x0000000020ce1800 Exception <a 'sun/nio/fs/WindowsException'> (0x00000000e00c5010) thrown at [D:\src\AOSP-openjdk-cygwin\jdk8u\hotspot\src\share\vm\prims\jni.cpp, line 709]
Event: 3860.355 Thread 0x0000000019efc000 Exception <a 'sun/nio/fs/WindowsException'> (0x00000000e1663e58) thrown at [D:\src\AOSP-openjdk-cygwin\jdk8u\hotspot\src\share\vm\prims\jni.cpp, line 709]
Event: 3862.541 Thread 0x0000000019efe000 Implicit null exception at 0x0000000005c2bccf to 0x0000000005c2be3d
Event: 3863.499 Thread 0x0000000019efe000 Implicit null exception at 0x0000000003fea4a8 to 0x0000000003fea7fc
Event: 3863.500 Thread 0x0000000019efe000 Exception <a 'sun/nio/fs/WindowsException'> (0x00000000e19bfc90) thrown at [D:\src\AOSP-openjdk-cygwin\jdk8u\hotspot\src\share\vm\prims\jni.cpp, line 709]
Event: 4103.583 Thread 0x0000000019fdf800 Exception <a 'sun/nio/fs/WindowsException'> (0x00000000f0072b68) thrown at [D:\src\AOSP-openjdk-cygwin\jdk8u\hotspot\src\share\vm\prims\jni.cpp, line 709]

Events (10 events):
Event: 4109.832 Executing VM operation: RevokeBias done
Event: 4109.832 Executing VM operation: RevokeBias
Event: 4109.832 Executing VM operation: RevokeBias done
Event: 4109.984 Thread 0x000000001f44e800 DEOPT PACKING pc=0x0000000004e6c383 sp=0x000000002629c210
Event: 4109.984 Thread 0x000000001f44e800 DEOPT UNPACKING pc=0x00000000030c75d0 sp=0x000000002629bf90 mode 0
Event: 4110.150 Thread 0x000000001f44e800 DEOPT PACKING pc=0x0000000004659657 sp=0x000000002629c790
Event: 4110.150 Thread 0x000000001f44e800 DEOPT UNPACKING pc=0x00000000030c75d0 sp=0x000000002629c3e8 mode 0
Event: 4110.558 Thread 0x000000001f456000 Thread added: 0x000000001f456000
Event: 4110.589 Thread 0x000000001f453800 Thread added: 0x000000001f453800
Event: 4110.589 Thread 0x000000001f451800 Thread added: 0x000000001f451800


Dynamic libraries:
0x00007ff624010000 - 0x00007ff624041000 	C:\Program Files\Android\Android Studio\jre\bin\java.exe
0x00007ff9860c0000 - 0x00007ff9862b0000 	C:\WINDOWS\SYSTEM32\ntdll.dll
0x00007ff984240000 - 0x00007ff9842f2000 	C:\WINDOWS\System32\KERNEL32.DLL
0x00007ff9839b0000 - 0x00007ff983c54000 	C:\WINDOWS\System32\KERNELBASE.dll
0x00007ff984ce0000 - 0x00007ff984d83000 	C:\WINDOWS\System32\ADVAPI32.dll
0x00007ff984140000 - 0x00007ff9841de000 	C:\WINDOWS\System32\msvcrt.dll
0x00007ff9848c0000 - 0x00007ff984957000 	C:\WINDOWS\System32\sechost.dll
0x00007ff984460000 - 0x00007ff984580000 	C:\WINDOWS\System32\RPCRT4.dll
0x00007ff985710000 - 0x00007ff9858a4000 	C:\WINDOWS\System32\USER32.dll
0x00007ff983050000 - 0x00007ff983071000 	C:\WINDOWS\System32\win32u.dll
0x00007ff984d90000 - 0x00007ff984db6000 	C:\WINDOWS\System32\GDI32.dll
0x00007ff983e30000 - 0x00007ff983fc4000 	C:\WINDOWS\System32\gdi32full.dll
0x00007ff984050000 - 0x00007ff9840ee000 	C:\WINDOWS\System32\msvcp_win.dll
0x00007ff9838b0000 - 0x00007ff9839aa000 	C:\WINDOWS\System32\ucrtbase.dll
0x00007ff982460000 - 0x00007ff9826e4000 	C:\WINDOWS\WinSxS\amd64_microsoft.windows.common-controls_6595b64144ccf1df_6.0.18362.836_none_e6c4b943130f18ed\COMCTL32.dll
0x00007ff984580000 - 0x00007ff9848b6000 	C:\WINDOWS\System32\combase.dll
0x00007ff983fd0000 - 0x00007ff984050000 	C:\WINDOWS\System32\bcryptPrimitives.dll
0x00007ff984e30000 - 0x00007ff984e5e000 	C:\WINDOWS\System32\IMM32.DLL
0x0000000075940000 - 0x0000000075a12000 	C:\Program Files\Android\Android Studio\jre\jre\bin\msvcr100.dll
0x0000000075b00000 - 0x0000000076341000 	C:\Program Files\Android\Android Studio\jre\jre\bin\server\jvm.dll
0x00007ff984ed0000 - 0x00007ff984ed8000 	C:\WINDOWS\System32\PSAPI.DLL
0x00007ff9803c0000 - 0x00007ff9803ca000 	C:\WINDOWS\SYSTEM32\VERSION.dll
0x00007ff96d100000 - 0x00007ff96d109000 	C:\WINDOWS\SYSTEM32\WSOCK32.dll
0x00007ff97f8d0000 - 0x00007ff97f8f4000 	C:\WINDOWS\SYSTEM32\WINMM.dll
0x00007ff984fb0000 - 0x00007ff98501f000 	C:\WINDOWS\System32\WS2_32.dll
0x00007ff97f8a0000 - 0x00007ff97f8cd000 	C:\WINDOWS\SYSTEM32\winmmbase.dll
0x00007ff9840f0000 - 0x00007ff98413a000 	C:\WINDOWS\System32\cfgmgr32.dll
0x00007ff97f5a0000 - 0x00007ff97f5af000 	C:\Program Files\Android\Android Studio\jre\jre\bin\verify.dll
0x00007ff971450000 - 0x00007ff971479000 	C:\Program Files\Android\Android Studio\jre\jre\bin\java.dll
0x00007ff971430000 - 0x00007ff971446000 	C:\Program Files\Android\Android Studio\jre\jre\bin\zip.dll
0x00007ff985020000 - 0x00007ff985704000 	C:\WINDOWS\System32\SHELL32.dll
0x00007ff985ad0000 - 0x00007ff985b79000 	C:\WINDOWS\System32\shcore.dll
0x00007ff983130000 - 0x00007ff9838ae000 	C:\WINDOWS\System32\windows.storage.dll
0x00007ff982f60000 - 0x00007ff982f83000 	C:\WINDOWS\System32\profapi.dll
0x00007ff982f90000 - 0x00007ff982fda000 	C:\WINDOWS\System32\powrprof.dll
0x00007ff982f50000 - 0x00007ff982f60000 	C:\WINDOWS\System32\UMPDC.dll
0x00007ff985ff0000 - 0x00007ff986042000 	C:\WINDOWS\System32\shlwapi.dll
0x00007ff983000000 - 0x00007ff983011000 	C:\WINDOWS\System32\kernel.appcore.dll
0x00007ff983c60000 - 0x00007ff983c77000 	C:\WINDOWS\System32\cryptsp.dll
0x00007ff971390000 - 0x00007ff9713aa000 	C:\Program Files\Android\Android Studio\jre\jre\bin\net.dll
0x00007ff982140000 - 0x00007ff9821a7000 	C:\WINDOWS\system32\mswsock.dll
0x00007ff971370000 - 0x00007ff971381000 	C:\Program Files\Android\Android Studio\jre\jre\bin\nio.dll
0x00007ff970a70000 - 0x00007ff970a8e000 	C:\Users\vviib\.gradle\native\25\windows-amd64\native-platform.dll
0x00007ff978780000 - 0x00007ff97878d000 	C:\Program Files\Android\Android Studio\jre\jre\bin\management.dll
0x00007ff981cb0000 - 0x00007ff981ce3000 	C:\WINDOWS\system32\rsaenh.dll
0x00007ff983020000 - 0x00007ff983046000 	C:\WINDOWS\System32\bcrypt.dll
0x00007ff982e70000 - 0x00007ff982e95000 	C:\WINDOWS\SYSTEM32\USERENV.dll
0x00007ff982310000 - 0x00007ff98231c000 	C:\WINDOWS\SYSTEM32\CRYPTBASE.dll
0x00007ff981e50000 - 0x00007ff981e8a000 	C:\WINDOWS\SYSTEM32\IPHLPAPI.DLL
0x00007ff984c50000 - 0x00007ff984c58000 	C:\WINDOWS\System32\NSI.dll
0x00007ff97ac70000 - 0x00007ff97ac86000 	C:\WINDOWS\SYSTEM32\dhcpcsvc6.DLL
0x00007ff97abc0000 - 0x00007ff97abdc000 	C:\WINDOWS\SYSTEM32\dhcpcsvc.DLL
0x00007ff981e90000 - 0x00007ff981f5b000 	C:\WINDOWS\SYSTEM32\DNSAPI.dll
0x00007ff970a20000 - 0x00007ff970a44000 	C:\Program Files\Android\Android Studio\jre\jre\bin\sunec.dll
0x00007ff97a860000 - 0x00007ff97a86a000 	C:\Windows\System32\rasadhlp.dll
0x00007ff979c70000 - 0x00007ff979ce7000 	C:\WINDOWS\System32\fwpuclnt.dll
0x00007ff971160000 - 0x00007ff97116b000 	C:\Program Files\Android\Android Studio\jre\jre\bin\sunmscapi.dll
0x00007ff983c80000 - 0x00007ff983dc9000 	C:\WINDOWS\System32\CRYPT32.dll
0x00007ff982fe0000 - 0x00007ff982ff2000 	C:\WINDOWS\System32\MSASN1.dll
0x00007ff982810000 - 0x00007ff982841000 	C:\WINDOWS\SYSTEM32\ntmarta.dll

VM Arguments:
jvm_args: -Xmx1536m -Dfile.encoding=windows-1252 -Duser.country=IN -Duser.language=en -Duser.variant 
java_command: org.gradle.launcher.daemon.bootstrap.GradleDaemon 4.10.1
java_class_path (initial): C:\Users\vviib\.gradle\wrapper\dists\gradle-4.10.1-all\455itskqi2qtf0v2sja68alqd\gradle-4.10.1\lib\gradle-launcher-4.10.1.jar
Launcher Type: SUN_STANDARD

Environment Variables:
PATH=C:\Program Files (x86)\Common Files\Oracle\Java\javapath;C:\WINDOWS\system32;C:\WINDOWS;C:\WINDOWS\System32\Wbem;C:\WINDOWS\System32\WindowsPowerShell\v1.0\;C:\WINDOWS\System32\OpenSSH\;C:\Program Files\nodejs\;C:\Program Files (x86)\Brackets\command;C:\Program Files (x86)\Intel\Intel(R) Management Engine Components\DAL;C:\Program Files\Intel\Intel(R) Management Engine Components\DAL;C:\Program Files\dotnet\;C:\Program Files\Microsoft SQL Server\130\Tools\Binn\;C:\Program Files\Microsoft SQL Server\Client SDK\ODBC\170\Tools\Binn\;C:\Program Files\PuTTY\;C:\Program Files\Intel\WiFi\bin\;C:\Program Files\Common Files\Intel\WirelessCommon\;C:\Program Files\Git\cmd;C:\Users\vviib\AppData\Local\Microsoft\WindowsApps;C:\Users\vviib\AppData\Roaming\npm;C:\Program Files\JetBrains\WebStorm 2018.3.4\bin;;C:\Users\vviib\AppData\Local\Programs\Microsoft VS Code\bin;C:\Program Files (x86)\Nmap
USERNAME=vviib
OS=Windows_NT
PROCESSOR_IDENTIFIER=Intel64 Family 6 Model 142 Stepping 10, GenuineIntel



---------------  S Y S T E M  ---------------

OS: Windows 10.0 , 64 bit Build 18362 (10.0.18362.778)

CPU:total 8 (initial active 8) (4 cores per cpu, 2 threads per core) family 6 model 142 stepping 10, cmov, cx8, fxsr, mmx, sse, sse2, sse3, ssse3, sse4.1, sse4.2, popcnt, avx, avx2, aes, clmul, erms, 3dnowpref, lzcnt, ht, tsc, tscinvbit, bmi1, bmi2, adx

Memory: 4k page, physical 16607336k(4161620k free), swap 48475620k(6124k free)

vm_info: OpenJDK 64-Bit Server VM (25.152-b01) for windows-amd64 JRE (1.8.0_152-release-1248-b01), built by "builder" with MS VC++ 10.0 (VS2010)

time: Mon May 25 19:29:23 2020
elapsed time: 4111 seconds (0d 1h 8m 31s)

